# JRE version: Java(TM) SE Runtime Environment (15.0.1+9) (build 15.0.1+9-18)
# Java VM: Java HotSpot(TM) 64-Bit Server VM (15.0.1+9-18, mixed mode, sharing, tiered, compressed oops, g1 gc, windows-amd64)
GC Precious Log:
 CPUs: 4 total, 4 available
 Memory: 8072M
 Large Page Support: Disabled
 NUMA Support: Disabled
 Compressed Oops: Enabled (32-bit)
 Heap Region Size: 1M
 Heap Min Capacity: 8M
 Heap Initial Capacity: 128M
 Heap Max Capacity: 2020M
 Pre-touch: Disabled
 Parallel Workers: 4
 Concurrent Workers: 1
 Concurrent Refinement Workers: 4
 Periodic GC: Disabled
Heap:
 garbage-first heap   total 48128K, used 26521K [0x0000000081c00000, 0x0000000100000000)
  region size 1024K, 12 young (12288K), 2 survivors (2048K)
 Metaspace       used 37367K, capacity 37720K, committed 37832K, reserved 1083392K
  class space    used 4777K, capacity 4906K, committed 4992K, reserved 1048576K
GC Heap History (20 events):
Event: 1.607 GC heap before
{Heap before GC invocations=0 (full 0):
 garbage-first heap   total 131072K, used 13312K [0x0000000081c00000, 0x0000000100000000)
  region size 1024K, 13 young (13312K), 0 survivors (0K)
 Metaspace       used 1909K, capacity 4989K, committed 5120K, reserved 1056768K
  class space    used 173K, capacity 466K, committed 512K, reserved 1048576K
}
Event: 1.612 GC heap after
{Heap after GC invocations=1 (full 0):
 garbage-first heap   total 131072K, used 6620K [0x0000000081c00000, 0x0000000100000000)
  region size 1024K, 2 young (2048K), 2 survivors (2048K)
 Metaspace       used 1909K, capacity 4989K, committed 5120K, reserved 1056768K
  class space    used 173K, capacity 466K, committed 512K, reserved 1048576K
}
Event: 2.161 GC heap before
{Heap before GC invocations=1 (full 0):
 garbage-first heap   total 131072K, used 15836K [0x0000000081c00000, 0x0000000100000000)
  region size 1024K, 11 young (11264K), 2 survivors (2048K)
 Metaspace       used 3798K, capacity 6245K, committed 6400K, reserved 1056768K
  class space    used 418K, capacity 645K, committed 768K, reserved 1048576K
}
Event: 2.165 GC heap after
{Heap after GC invocations=2 (full 0):
 garbage-first heap   total 131072K, used 7242K [0x0000000081c00000, 0x0000000100000000)
  region size 1024K, 1 young (1024K), 1 survivors (1024K)
 Metaspace       used 3798K, capacity 6245K, committed 6400K, reserved 1056768K
  class space    used 418K, capacity 645K, committed 768K, reserved 1048576K
}
Event: 3.371 GC heap before
{Heap before GC invocations=2 (full 0):
 garbage-first heap   total 131072K, used 27722K [0x0000000081c00000, 0x0000000100000000)
  region size 1024K, 22 young (22528K), 1 survivors (1024K)
 Metaspace       used 8397K, capacity 9573K, committed 9856K, reserved 1058816K
  class space    used 994K, capacity 1113K, committed 1152K, reserved 1048576K
}
Event: 3.376 GC heap after
{Heap after GC invocations=3 (full 0):
 garbage-first heap   total 131072K, used 8723K [0x0000000081c00000, 0x0000000100000000)
  region size 1024K, 2 young (2048K), 2 survivors (2048K)
 Metaspace       used 8397K, capacity 9573K, committed 9856K, reserved 1058816K
  class space    used 994K, capacity 1113K, committed 1152K, reserved 1048576K
}
Event: 6.227 GC heap before
{Heap before GC invocations=3 (full 0):
 garbage-first heap   total 131072K, used 83475K [0x0000000081c00000, 0x0000000100000000)
  region size 1024K, 76 young (77824K), 2 survivors (2048K)
 Metaspace       used 19808K, capacity 20107K, committed 20224K, reserved 1067008K
  class space    used 2458K, capacity 2551K, committed 2560K, reserved 1048576K
}
Event: 6.237 GC heap after
{Heap after GC invocations=4 (full 0):
 garbage-first heap   total 131072K, used 11522K [0x0000000081c00000, 0x0000000100000000)
  region size 1024K, 5 young (5120K), 5 survivors (5120K)
 Metaspace       used 19808K, capacity 20107K, committed 20224K, reserved 1067008K
  class space    used 2458K, capacity 2551K, committed 2560K, reserved 1048576K
}
Event: 6.481 GC heap before
{Heap before GC invocations=4 (full 0):
 garbage-first heap   total 131072K, used 44290K [0x0000000081c00000, 0x0000000100000000)
  region size 1024K, 39 young (39936K), 5 survivors (5120K)
 Metaspace       used 20954K, capacity 21212K, committed 21296K, reserved 1069056K
  class space    used 2605K, capacity 2686K, committed 2688K, reserved 1048576K
}
Event: 6.488 GC heap after
{Heap after GC invocations=5 (full 0):
 garbage-first heap   total 131072K, used 12093K [0x0000000081c00000, 0x0000000100000000)
  region size 1024K, 6 young (6144K), 6 survivors (6144K)
 Metaspace       used 20954K, capacity 21212K, committed 21296K, reserved 1069056K
  class space    used 2605K, capacity 2686K, committed 2688K, reserved 1048576K
}
Event: 7.296 GC heap before
{Heap before GC invocations=6 (full 0):
 garbage-first heap   total 48128K, used 34621K [0x0000000081c00000, 0x0000000100000000)
  region size 1024K, 28 young (28672K), 6 survivors (6144K)
 Metaspace       used 22579K, capacity 22851K, committed 23088K, reserved 1069056K
  class space    used 2791K, capacity 2886K, committed 2944K, reserved 1048576K
}
Event: 7.308 GC heap after
{Heap after GC invocations=7 (full 0):
 garbage-first heap   total 48128K, used 12961K [0x0000000081c00000, 0x0000000100000000)
  region size 1024K, 2 young (2048K), 2 survivors (2048K)
 Metaspace       used 22579K, capacity 22851K, committed 23088K, reserved 1069056K
  class space    used 2791K, capacity 2886K, committed 2944K, reserved 1048576K
}
Event: 8.514 GC heap before
{Heap before GC invocations=7 (full 0):
 garbage-first heap   total 48128K, used 34465K [0x0000000081c00000, 0x0000000100000000)
  region size 1024K, 23 young (23552K), 2 survivors (2048K)
 Metaspace       used 25713K, capacity 26015K, committed 26288K, reserved 1073152K
  class space    used 3188K, capacity 3312K, committed 3328K, reserved 1048576K
}
Event: 8.522 GC heap after
{Heap after GC invocations=8 (full 0):
 garbage-first heap   total 48128K, used 14096K [0x0000000081c00000, 0x0000000100000000)
  region size 1024K, 3 young (3072K), 3 survivors (3072K)
 Metaspace       used 25713K, capacity 26015K, committed 26288K, reserved 1073152K
  class space    used 3188K, capacity 3312K, committed 3328K, reserved 1048576K
}
Event: 9.737 GC heap before
{Heap before GC invocations=8 (full 0):
 garbage-first heap   total 48128K, used 35600K [0x0000000081c00000, 0x0000000100000000)
  region size 1024K, 24 young (24576K), 3 survivors (3072K)
 Metaspace       used 27963K, capacity 28328K, committed 28464K, reserved 1075200K
  class space    used 3505K, capacity 3614K, committed 3712K, reserved 1048576K
}
Event: 9.749 GC heap after
{Heap after GC invocations=9 (full 0):
 garbage-first heap   total 48128K, used 15909K [0x0000000081c00000, 0x0000000100000000)
  region size 1024K, 3 young (3072K), 3 survivors (3072K)
 Metaspace       used 27963K, capacity 28328K, committed 28464K, reserved 1075200K
  class space    used 3505K, capacity 3614K, committed 3712K, reserved 1048576K
}
Event: 10.811 GC heap before
{Heap before GC invocations=9 (full 0):
 garbage-first heap   total 48128K, used 36389K [0x0000000081c00000, 0x0000000100000000)
  region size 1024K, 23 young (23552K), 3 survivors (3072K)
 Metaspace       used 31903K, capacity 32262K, committed 32304K, reserved 1077248K
  class space    used 4059K, capacity 4196K, committed 4224K, reserved 1048576K
}
Event: 10.821 GC heap after
{Heap after GC invocations=10 (full 0):
 garbage-first heap   total 48128K, used 16746K [0x0000000081c00000, 0x0000000100000000)
  region size 1024K, 1 young (1024K), 1 survivors (1024K)
 Metaspace       used 31903K, capacity 32262K, committed 32304K, reserved 1077248K
  class space    used 4059K, capacity 4196K, committed 4224K, reserved 1048576K
}
Event: 11.746 GC heap before
{Heap before GC invocations=10 (full 0):
 garbage-first heap   total 48128K, used 30058K [0x0000000081c00000, 0x0000000100000000)
  region size 1024K, 15 young (15360K), 1 survivors (1024K)
 Metaspace       used 35227K, capacity 35541K, committed 35632K, reserved 1081344K
  class space    used 4534K, capacity 4649K, committed 4736K, reserved 1048576K
}
Event: 11.751 GC heap after
{Heap after GC invocations=11 (full 0):
 garbage-first heap   total 48128K, used 17305K [0x0000000081c00000, 0x0000000100000000)
  region size 1024K, 2 young (2048K), 2 survivors (2048K)
 Metaspace       used 35227K, capacity 35541K, committed 35632K, reserved 1081344K
  class space    used 4534K, capacity 4649K, committed 4736K, reserved 1048576K
}

