# JRE version: Java(TM) SE Runtime Environment (15.0.1+9) (build 15.0.1+9-18)
# Java VM: Java HotSpot(TM) 64-Bit Server VM (15.0.1+9-18, mixed mode, sharing, tiered, compressed oops, g1 gc, windows-amd64)
GC Precious Log:
 CPUs: 4 total, 4 available
 Memory: 8072M
 Large Page Support: Disabled
 NUMA Support: Disabled
 Compressed Oops: Enabled (32-bit)
 Heap Region Size: 1M
 Heap Min Capacity: 256M
 Heap Initial Capacity: 256M
 Heap Max Capacity: 512M
 Pre-touch: Disabled
 Parallel Workers: 4
 Concurrent Workers: 1
 Concurrent Refinement Workers: 4
 Periodic GC: Disabled
Heap:
 garbage-first heap   total 307200K, used 228643K [0x00000000e0000000, 0x0000000100000000)
  region size 1024K, 61 young (62464K), 7 survivors (7168K)
 Metaspace       used 86553K, capacity 88273K, committed 89008K, reserved 462848K
  class space    used 11075K, capacity 11566K, committed 11776K, reserved 385024K
GC Heap History (20 events):
Event: 29.892 GC heap before
{Heap before GC invocations=9 (full 0):
 garbage-first heap   total 262144K, used 142708K [0x00000000e0000000, 0x0000000100000000)
  region size 1024K, 23 young (23552K), 12 survivors (12288K)
 Metaspace       used 58877K, capacity 60130K, committed 60240K, reserved 438272K
  class space    used 8066K, capacity 8428K, committed 8448K, reserved 385024K
}
Event: 29.904 GC heap after
{Heap after GC invocations=10 (full 0):
 garbage-first heap   total 262144K, used 133891K [0x00000000e0000000, 0x0000000100000000)
  region size 1024K, 2 young (2048K), 2 survivors (2048K)
 Metaspace       used 58877K, capacity 60130K, committed 60240K, reserved 438272K
  class space    used 8066K, capacity 8428K, committed 8448K, reserved 385024K
}
Event: 32.608 GC heap before
{Heap before GC invocations=11 (full 0):
 garbage-first heap   total 262144K, used 180995K [0x00000000e0000000, 0x0000000100000000)
  region size 1024K, 49 young (50176K), 2 survivors (2048K)
 Metaspace       used 62004K, capacity 63210K, committed 63408K, reserved 440320K
  class space    used 8536K, capacity 8927K, committed 8960K, reserved 385024K
}
Event: 32.616 GC heap after
{Heap after GC invocations=12 (full 0):
 garbage-first heap   total 262144K, used 135757K [0x00000000e0000000, 0x0000000100000000)
  region size 1024K, 4 young (4096K), 4 survivors (4096K)
 Metaspace       used 62004K, capacity 63210K, committed 63408K, reserved 440320K
  class space    used 8536K, capacity 8927K, committed 8960K, reserved 385024K
}
Event: 34.960 GC heap before
{Heap before GC invocations=13 (full 0):
 garbage-first heap   total 262144K, used 161357K [0x00000000e0000000, 0x0000000100000000)
  region size 1024K, 20 young (20480K), 4 survivors (4096K)
 Metaspace       used 62957K, capacity 64184K, committed 64304K, reserved 440320K
  class space    used 8661K, capacity 9017K, committed 9088K, reserved 385024K
}
Event: 34.971 GC heap after
{Heap after GC invocations=14 (full 0):
 garbage-first heap   total 262144K, used 148064K [0x00000000e0000000, 0x0000000100000000)
  region size 1024K, 6 young (6144K), 6 survivors (6144K)
 Metaspace       used 62957K, capacity 64184K, committed 64304K, reserved 440320K
  class space    used 8661K, capacity 9017K, committed 9088K, reserved 385024K
}
Event: 37.981 GC heap before
{Heap before GC invocations=15 (full 0):
 garbage-first heap   total 262144K, used 222816K [0x00000000e0000000, 0x0000000100000000)
  region size 1024K, 78 young (79872K), 6 survivors (6144K)
 Metaspace       used 69882K, capacity 71125K, committed 71216K, reserved 446464K
  class space    used 9407K, capacity 9803K, committed 9856K, reserved 385024K
}
Event: 37.995 GC heap after
{Heap after GC invocations=16 (full 0):
 garbage-first heap   total 262144K, used 155263K [0x00000000e0000000, 0x0000000100000000)
  region size 1024K, 10 young (10240K), 10 survivors (10240K)
 Metaspace       used 69882K, capacity 71125K, committed 71216K, reserved 446464K
  class space    used 9407K, capacity 9803K, committed 9856K, reserved 385024K
}
Event: 41.831 GC heap before
{Heap before GC invocations=16 (full 0):
 garbage-first heap   total 262144K, used 221823K [0x00000000e0000000, 0x0000000100000000)
  region size 1024K, 75 young (76800K), 10 survivors (10240K)
 Metaspace       used 75345K, capacity 76546K, committed 76592K, reserved 452608K
  class space    used 9978K, capacity 10364K, committed 10368K, reserved 385024K
}
Event: 41.850 GC heap after
{Heap after GC invocations=17 (full 0):
 garbage-first heap   total 262144K, used 161805K [0x00000000e0000000, 0x0000000100000000)
  region size 1024K, 7 young (7168K), 7 survivors (7168K)
 Metaspace       used 75345K, capacity 76546K, committed 76592K, reserved 452608K
  class space    used 9978K, capacity 10364K, committed 10368K, reserved 385024K
}
Event: 43.621 GC heap before
{Heap before GC invocations=18 (full 0):
 garbage-first heap   total 278528K, used 219149K [0x00000000e0000000, 0x0000000100000000)
  region size 1024K, 64 young (65536K), 7 survivors (7168K)
 Metaspace       used 76116K, capacity 77392K, committed 77616K, reserved 452608K
  class space    used 10004K, capacity 10367K, committed 10368K, reserved 385024K
}
Event: 43.630 GC heap after
{Heap after GC invocations=19 (full 0):
 garbage-first heap   total 278528K, used 162834K [0x00000000e0000000, 0x0000000100000000)
  region size 1024K, 4 young (4096K), 4 survivors (4096K)
 Metaspace       used 76116K, capacity 77392K, committed 77616K, reserved 452608K
  class space    used 10004K, capacity 10367K, committed 10368K, reserved 385024K
}
Event: 45.571 GC heap before
{Heap before GC invocations=19 (full 0):
 garbage-first heap   total 278528K, used 234514K [0x00000000e0000000, 0x0000000100000000)
  region size 1024K, 74 young (75776K), 4 survivors (4096K)
 Metaspace       used 77947K, capacity 79408K, committed 79536K, reserved 454656K
  class space    used 10207K, capacity 10633K, committed 10752K, reserved 385024K
}
Event: 45.590 GC heap after
{Heap after GC invocations=20 (full 0):
 garbage-first heap   total 278528K, used 167635K [0x00000000e0000000, 0x0000000100000000)
  region size 1024K, 8 young (8192K), 8 survivors (8192K)
 Metaspace       used 77947K, capacity 79408K, committed 79536K, reserved 454656K
  class space    used 10207K, capacity 10633K, committed 10752K, reserved 385024K
}
Event: 46.209 GC heap before
{Heap before GC invocations=21 (full 0):
 garbage-first heap   total 290816K, used 188115K [0x00000000e0000000, 0x0000000100000000)
  region size 1024K, 30 young (30720K), 8 survivors (8192K)
 Metaspace       used 80688K, capacity 82128K, committed 82352K, reserved 456704K
  class space    used 10536K, capacity 10977K, committed 11008K, reserved 385024K
}
Event: 46.221 GC heap after
{Heap after GC invocations=22 (full 0):
 garbage-first heap   total 290816K, used 169428K [0x00000000e0000000, 0x0000000100000000)
  region size 1024K, 2 young (2048K), 2 survivors (2048K)
 Metaspace       used 80688K, capacity 82128K, committed 82352K, reserved 456704K
  class space    used 10536K, capacity 10977K, committed 11008K, reserved 385024K
}
Event: 2949.692 GC heap before
{Heap before GC invocations=23 (full 0):
 garbage-first heap   total 293888K, used 248276K [0x00000000e0000000, 0x0000000100000000)
  region size 1024K, 77 young (78848K), 2 survivors (2048K)
 Metaspace       used 83200K, capacity 84794K, committed 84912K, reserved 458752K
  class space    used 10751K, capacity 11241K, committed 11264K, reserved 385024K
}
Event: 2949.750 GC heap after
{Heap after GC invocations=24 (full 0):
 garbage-first heap   total 293888K, used 169770K [0x00000000e0000000, 0x0000000100000000)
  region size 1024K, 3 young (3072K), 3 survivors (3072K)
 Metaspace       used 83200K, capacity 84794K, committed 84912K, reserved 458752K
  class space    used 10751K, capacity 11241K, committed 11264K, reserved 385024K
}
Event: 2954.456 GC heap before
{Heap before GC invocations=24 (full 0):
 garbage-first heap   total 293888K, used 249642K [0x00000000e0000000, 0x0000000100000000)
  region size 1024K, 82 young (83968K), 3 survivors (3072K)
 Metaspace       used 86795K, capacity 88709K, committed 89008K, reserved 462848K
  class space    used 11160K, capacity 11720K, committed 11776K, reserved 385024K
}
Event: 2954.502 GC heap after
{Heap after GC invocations=25 (full 0):
 garbage-first heap   total 293888K, used 174371K [0x00000000e0000000, 0x0000000100000000)
  region size 1024K, 7 young (7168K), 7 survivors (7168K)
 Metaspace       used 86795K, capacity 88709K, committed 89008K, reserved 462848K
  class space    used 11160K, capacity 11720K, committed 11776K, reserved 385024K
}

