# JRE version: Java(TM) SE Runtime Environment (15.0.1+9) (build 15.0.1+9-18)
# Java VM: Java HotSpot(TM) 64-Bit Server VM (15.0.1+9-18, mixed mode, sharing, tiered, compressed oops, g1 gc, windows-amd64)
GC Precious Log:
 CPUs: 4 total, 4 available
 Memory: 8072M
 Large Page Support: Disabled
 NUMA Support: Disabled
 Compressed Oops: Enabled (32-bit)
 Heap Region Size: 1M
 Heap Min Capacity: 8M
 Heap Initial Capacity: 128M
 Heap Max Capacity: 2020M
 Pre-touch: Disabled
 Parallel Workers: 4
 Concurrent Workers: 1
 Concurrent Refinement Workers: 4
 Periodic GC: Disabled
Heap:
 garbage-first heap   total 58368K, used 39321K [0x0000000081c00000, 0x0000000100000000)
  region size 1024K, 23 young (23552K), 3 survivors (3072K)
 Metaspace       used 48058K, capacity 48417K, committed 48512K, reserved 1091584K
  class space    used 6379K, capacity 6525K, committed 6528K, reserved 1048576K
GC Heap History (20 events):
Event: 2.555 GC heap before
{Heap before GC invocations=2 (full 0):
 garbage-first heap   total 131072K, used 28254K [0x0000000081c00000, 0x0000000100000000)
  region size 1024K, 21 young (21504K), 1 survivors (1024K)
 Metaspace       used 9719K, capacity 10253K, committed 10496K, reserved 1058816K
  class space    used 1165K, capacity 1213K, committed 1280K, reserved 1048576K
}
Event: 2.560 GC heap after
{Heap after GC invocations=3 (full 0):
 garbage-first heap   total 131072K, used 9283K [0x0000000081c00000, 0x0000000100000000)
  region size 1024K, 2 young (2048K), 2 survivors (2048K)
 Metaspace       used 9719K, capacity 10253K, committed 10496K, reserved 1058816K
  class space    used 1165K, capacity 1213K, committed 1280K, reserved 1048576K
}
Event: 4.132 GC heap before
{Heap before GC invocations=3 (full 0):
 garbage-first heap   total 131072K, used 84035K [0x0000000081c00000, 0x0000000100000000)
  region size 1024K, 76 young (77824K), 2 survivors (2048K)
 Metaspace       used 20033K, capacity 20366K, committed 20608K, reserved 1067008K
  class space    used 2502K, capacity 2619K, committed 2688K, reserved 1048576K
}
Event: 4.152 GC heap after
{Heap after GC invocations=4 (full 0):
 garbage-first heap   total 131072K, used 11777K [0x0000000081c00000, 0x0000000100000000)
  region size 1024K, 5 young (5120K), 5 survivors (5120K)
 Metaspace       used 20033K, capacity 20366K, committed 20608K, reserved 1067008K
  class space    used 2502K, capacity 2619K, committed 2688K, reserved 1048576K
}
Event: 4.279 GC heap before
{Heap before GC invocations=4 (full 0):
 garbage-first heap   total 131072K, used 28161K [0x0000000081c00000, 0x0000000100000000)
  region size 1024K, 23 young (23552K), 5 survivors (5120K)
 Metaspace       used 20864K, capacity 21117K, committed 21248K, reserved 1067008K
  class space    used 2600K, capacity 2720K, committed 2816K, reserved 1048576K
}
Event: 4.284 GC heap after
{Heap after GC invocations=5 (full 0):
 garbage-first heap   total 131072K, used 12255K [0x0000000081c00000, 0x0000000100000000)
  region size 1024K, 5 young (5120K), 5 survivors (5120K)
 Metaspace       used 20864K, capacity 21117K, committed 21248K, reserved 1067008K
  class space    used 2600K, capacity 2720K, committed 2816K, reserved 1048576K
}
Event: 5.046 GC heap before
{Heap before GC invocations=6 (full 0):
 garbage-first heap   total 48128K, used 35807K [0x0000000081c00000, 0x0000000100000000)
  region size 1024K, 28 young (28672K), 5 survivors (5120K)
 Metaspace       used 22625K, capacity 22947K, committed 23168K, reserved 1069056K
  class space    used 2815K, capacity 2918K, committed 2944K, reserved 1048576K
}
Event: 5.056 GC heap after
{Heap after GC invocations=7 (full 0):
 garbage-first heap   total 48128K, used 13144K [0x0000000081c00000, 0x0000000100000000)
  region size 1024K, 2 young (2048K), 2 survivors (2048K)
 Metaspace       used 22625K, capacity 22947K, committed 23168K, reserved 1069056K
  class space    used 2815K, capacity 2918K, committed 2944K, reserved 1048576K
}
Event: 5.880 GC heap before
{Heap before GC invocations=7 (full 0):
 garbage-first heap   total 48128K, used 34648K [0x0000000081c00000, 0x0000000100000000)
  region size 1024K, 23 young (23552K), 2 survivors (2048K)
 Metaspace       used 25728K, capacity 26050K, committed 26240K, reserved 1073152K
  class space    used 3231K, capacity 3345K, committed 3456K, reserved 1048576K
}
Event: 5.888 GC heap after
{Heap after GC invocations=8 (full 0):
 garbage-first heap   total 48128K, used 14322K [0x0000000081c00000, 0x0000000100000000)
  region size 1024K, 3 young (3072K), 3 survivors (3072K)
 Metaspace       used 25728K, capacity 26050K, committed 26240K, reserved 1073152K
  class space    used 3231K, capacity 3345K, committed 3456K, reserved 1048576K
}
Event: 6.669 GC heap before
{Heap before GC invocations=8 (full 0):
 garbage-first heap   total 48128K, used 34802K [0x0000000081c00000, 0x0000000100000000)
  region size 1024K, 24 young (24576K), 3 survivors (3072K)
 Metaspace       used 28735K, capacity 29157K, committed 29440K, reserved 1075200K
  class space    used 3598K, capacity 3741K, committed 3840K, reserved 1048576K
}
Event: 6.680 GC heap after
{Heap after GC invocations=9 (full 0):
 garbage-first heap   total 58368K, used 15849K [0x0000000081c00000, 0x0000000100000000)
  region size 1024K, 3 young (3072K), 3 survivors (3072K)
 Metaspace       used 28735K, capacity 29157K, committed 29440K, reserved 1075200K
  class space    used 3598K, capacity 3741K, committed 3840K, reserved 1048576K
}
Event: 7.849 GC heap before
{Heap before GC invocations=9 (full 0):
 garbage-first heap   total 58368K, used 43497K [0x0000000081c00000, 0x0000000100000000)
  region size 1024K, 30 young (30720K), 3 survivors (3072K)
 Metaspace       used 35339K, capacity 35701K, committed 35840K, reserved 1081344K
  class space    used 4573K, capacity 4681K, committed 4736K, reserved 1048576K
}
Event: 7.860 GC heap after
{Heap after GC invocations=10 (full 0):
 garbage-first heap   total 58368K, used 17685K [0x0000000081c00000, 0x0000000100000000)
  region size 1024K, 4 young (4096K), 4 survivors (4096K)
 Metaspace       used 35339K, capacity 35701K, committed 35840K, reserved 1081344K
  class space    used 4573K, capacity 4681K, committed 4736K, reserved 1048576K
}
Event: 7.879 GC heap before
{Heap before GC invocations=10 (full 0):
 garbage-first heap   total 58368K, used 17685K [0x0000000081c00000, 0x0000000100000000)
  region size 1024K, 5 young (5120K), 4 survivors (4096K)
 Metaspace       used 35456K, capacity 35797K, committed 35840K, reserved 1081344K
  class space    used 4593K, capacity 4713K, committed 4736K, reserved 1048576K
}
Event: 7.886 GC heap after
{Heap after GC invocations=11 (full 0):
 garbage-first heap   total 58368K, used 18286K [0x0000000081c00000, 0x0000000100000000)
  region size 1024K, 3 young (3072K), 3 survivors (3072K)
 Metaspace       used 35456K, capacity 35797K, committed 35840K, reserved 1081344K
  class space    used 4593K, capacity 4713K, committed 4736K, reserved 1048576K
}
Event: 8.651 GC heap before
{Heap before GC invocations=12 (full 0):
 garbage-first heap   total 58368K, used 39790K [0x0000000081c00000, 0x0000000100000000)
  region size 1024K, 25 young (25600K), 3 survivors (3072K)
 Metaspace       used 40669K, capacity 41022K, committed 41088K, reserved 1085440K
  class space    used 5316K, capacity 5451K, committed 5504K, reserved 1048576K
}
Event: 8.657 GC heap after
{Heap after GC invocations=13 (full 0):
 garbage-first heap   total 58368K, used 18857K [0x0000000081c00000, 0x0000000100000000)
  region size 1024K, 3 young (3072K), 3 survivors (3072K)
 Metaspace       used 40669K, capacity 41022K, committed 41088K, reserved 1085440K
  class space    used 5316K, capacity 5451K, committed 5504K, reserved 1048576K
}
Event: 9.697 GC heap before
{Heap before GC invocations=13 (full 0):
 garbage-first heap   total 58368K, used 42409K [0x0000000081c00000, 0x0000000100000000)
  region size 1024K, 26 young (26624K), 3 survivors (3072K)
 Metaspace       used 45710K, capacity 46076K, committed 46208K, reserved 1089536K
  class space    used 6086K, capacity 6195K, committed 6272K, reserved 1048576K
}
Event: 9.704 GC heap after
{Heap after GC invocations=14 (full 0):
 garbage-first heap   total 58368K, used 19865K [0x0000000081c00000, 0x0000000100000000)
  region size 1024K, 3 young (3072K), 3 survivors (3072K)
 Metaspace       used 45710K, capacity 46076K, committed 46208K, reserved 1089536K
  class space    used 6086K, capacity 6195K, committed 6272K, reserved 1048576K
}

